{"/mnt/c/dev/jsWinc/list_of_assignments/60-js-password-verify/password_check.js": {"path":"/mnt/c/dev/jsWinc/list_of_assignments/60-js-password-verify/password_check.js","statementMap":{"0":{"start":{"line":2,"column":18},"end":{"line":2,"column":54}},"1":{"start":{"line":2,"column":26},"end":{"line":2,"column":53}},"2":{"start":{"line":5,"column":23},"end":{"line":11,"column":1}},"3":{"start":{"line":6,"column":4},"end":{"line":10,"column":5}},"4":{"start":{"line":7,"column":8},"end":{"line":7,"column":20}},"5":{"start":{"line":9,"column":8},"end":{"line":9,"column":46}},"6":{"start":{"line":12,"column":30},"end":{"line":21,"column":1}},"7":{"start":{"line":13,"column":4},"end":{"line":20,"column":5}},"8":{"start":{"line":14,"column":8},"end":{"line":14,"column":20}},"9":{"start":{"line":16,"column":24},"end":{"line":16,"column":44}},"10":{"start":{"line":18,"column":8},"end":{"line":18,"column":38}},"11":{"start":{"line":19,"column":8},"end":{"line":19,"column":49}},"12":{"start":{"line":23,"column":30},"end":{"line":33,"column":1}},"13":{"start":{"line":24,"column":4},"end":{"line":31,"column":5}},"14":{"start":{"line":25,"column":8},"end":{"line":25,"column":20}},"15":{"start":{"line":27,"column":24},"end":{"line":27,"column":44}},"16":{"start":{"line":29,"column":8},"end":{"line":29,"column":38}},"17":{"start":{"line":30,"column":8},"end":{"line":30,"column":49}},"18":{"start":{"line":36,"column":17},"end":{"line":45,"column":1}},"19":{"start":{"line":37,"column":4},"end":{"line":44,"column":5}},"20":{"start":{"line":38,"column":8},"end":{"line":38,"column":20}},"21":{"start":{"line":40,"column":24},"end":{"line":40,"column":44}},"22":{"start":{"line":42,"column":8},"end":{"line":42,"column":38}},"23":{"start":{"line":43,"column":8},"end":{"line":43,"column":49}},"24":{"start":{"line":60,"column":33},"end":{"line":64,"column":1}},"25":{"start":{"line":62,"column":27},"end":{"line":62,"column":58}},"26":{"start":{"line":62,"column":53},"end":{"line":62,"column":57}},"27":{"start":{"line":63,"column":4},"end":{"line":63,"column":38}},"28":{"start":{"line":67,"column":23},"end":{"line":79,"column":1}},"29":{"start":{"line":68,"column":23},"end":{"line":74,"column":5}},"30":{"start":{"line":76,"column":8},"end":{"line":76,"column":79}},"31":{"start":{"line":78,"column":4},"end":{"line":78,"column":18}},"32":{"start":{"line":81,"column":0},"end":{"line":89,"column":2}}},"fnMap":{"0":{"name":"(anonymous_0)","decl":{"start":{"line":2,"column":18},"end":{"line":2,"column":19}},"loc":{"start":{"line":2,"column":26},"end":{"line":2,"column":53}},"line":2},"1":{"name":"(anonymous_1)","decl":{"start":{"line":5,"column":23},"end":{"line":5,"column":24}},"loc":{"start":{"line":5,"column":30},"end":{"line":11,"column":1}},"line":5},"2":{"name":"(anonymous_2)","decl":{"start":{"line":12,"column":30},"end":{"line":12,"column":31}},"loc":{"start":{"line":12,"column":37},"end":{"line":21,"column":1}},"line":12},"3":{"name":"(anonymous_3)","decl":{"start":{"line":23,"column":30},"end":{"line":23,"column":31}},"loc":{"start":{"line":23,"column":37},"end":{"line":33,"column":1}},"line":23},"4":{"name":"(anonymous_4)","decl":{"start":{"line":36,"column":17},"end":{"line":36,"column":18}},"loc":{"start":{"line":36,"column":24},"end":{"line":45,"column":1}},"line":36},"5":{"name":"(anonymous_5)","decl":{"start":{"line":60,"column":33},"end":{"line":60,"column":34}},"loc":{"start":{"line":60,"column":47},"end":{"line":64,"column":1}},"line":60},"6":{"name":"(anonymous_6)","decl":{"start":{"line":62,"column":45},"end":{"line":62,"column":46}},"loc":{"start":{"line":62,"column":53},"end":{"line":62,"column":57}},"line":62},"7":{"name":"(anonymous_7)","decl":{"start":{"line":67,"column":23},"end":{"line":67,"column":24}},"loc":{"start":{"line":67,"column":35},"end":{"line":79,"column":1}},"line":67}},"branchMap":{"0":{"loc":{"start":{"line":2,"column":26},"end":{"line":2,"column":53}},"type":"cond-expr","locations":[{"start":{"line":2,"column":41},"end":{"line":2,"column":45}},{"start":{"line":2,"column":48},"end":{"line":2,"column":53}}],"line":2},"1":{"loc":{"start":{"line":6,"column":4},"end":{"line":10,"column":5}},"type":"if","locations":[{"start":{"line":6,"column":4},"end":{"line":10,"column":5}},{"start":{"line":8,"column":11},"end":{"line":10,"column":5}}],"line":6},"2":{"loc":{"start":{"line":9,"column":16},"end":{"line":9,"column":45}},"type":"cond-expr","locations":[{"start":{"line":9,"column":33},"end":{"line":9,"column":37}},{"start":{"line":9,"column":40},"end":{"line":9,"column":45}}],"line":9},"3":{"loc":{"start":{"line":13,"column":4},"end":{"line":20,"column":5}},"type":"if","locations":[{"start":{"line":13,"column":4},"end":{"line":20,"column":5}},{"start":{"line":15,"column":11},"end":{"line":20,"column":5}}],"line":13},"4":{"loc":{"start":{"line":19,"column":16},"end":{"line":19,"column":48}},"type":"cond-expr","locations":[{"start":{"line":19,"column":36},"end":{"line":19,"column":40}},{"start":{"line":19,"column":43},"end":{"line":19,"column":48}}],"line":19},"5":{"loc":{"start":{"line":24,"column":4},"end":{"line":31,"column":5}},"type":"if","locations":[{"start":{"line":24,"column":4},"end":{"line":31,"column":5}},{"start":{"line":26,"column":11},"end":{"line":31,"column":5}}],"line":24},"6":{"loc":{"start":{"line":30,"column":16},"end":{"line":30,"column":48}},"type":"cond-expr","locations":[{"start":{"line":30,"column":36},"end":{"line":30,"column":40}},{"start":{"line":30,"column":43},"end":{"line":30,"column":48}}],"line":30},"7":{"loc":{"start":{"line":37,"column":4},"end":{"line":44,"column":5}},"type":"if","locations":[{"start":{"line":37,"column":4},"end":{"line":44,"column":5}},{"start":{"line":39,"column":11},"end":{"line":44,"column":5}}],"line":37},"8":{"loc":{"start":{"line":43,"column":16},"end":{"line":43,"column":48}},"type":"cond-expr","locations":[{"start":{"line":43,"column":36},"end":{"line":43,"column":40}},{"start":{"line":43,"column":43},"end":{"line":43,"column":48}}],"line":43},"9":{"loc":{"start":{"line":76,"column":8},"end":{"line":76,"column":79}},"type":"binary-expr","locations":[{"start":{"line":76,"column":8},"end":{"line":76,"column":44}},{"start":{"line":76,"column":48},"end":{"line":76,"column":79}}],"line":76}},"s":{"0":1,"1":10,"2":1,"3":10,"4":1,"5":9,"6":1,"7":11,"8":1,"9":10,"10":10,"11":10,"12":1,"13":17,"14":1,"15":16,"16":16,"17":16,"18":1,"19":11,"20":1,"21":10,"22":10,"23":10,"24":1,"25":11,"26":55,"27":11,"28":1,"29":8,"30":8,"31":8,"32":1},"f":{"0":10,"1":10,"2":11,"3":17,"4":11,"5":11,"6":55,"7":8},"b":{"0":[8,2],"1":[1,9],"2":[7,2],"3":[1,10],"4":[6,4],"5":[1,16],"6":[9,7],"7":[1,10],"8":[6,4],"9":[8,6]},"_coverageSchema":"1a1c01bbd47fc00a2c39e90264f33305004495a9","hash":"85d0f4c4e982f82ac4be84b3e361bb3e2f040b46"}
}
