TN:
SF:password_check.js
FN:2,(anonymous_0)
FN:5,(anonymous_1)
FN:12,(anonymous_2)
FN:23,(anonymous_3)
FN:36,(anonymous_4)
FN:60,(anonymous_5)
FN:62,(anonymous_6)
FN:67,(anonymous_7)
FNF:8
FNH:8
FNDA:10,(anonymous_0)
FNDA:10,(anonymous_1)
FNDA:11,(anonymous_2)
FNDA:17,(anonymous_3)
FNDA:11,(anonymous_4)
FNDA:11,(anonymous_5)
FNDA:55,(anonymous_6)
FNDA:8,(anonymous_7)
DA:2,10
DA:5,1
DA:6,10
DA:7,1
DA:9,9
DA:12,1
DA:13,11
DA:14,1
DA:16,10
DA:18,10
DA:19,10
DA:23,1
DA:24,17
DA:25,1
DA:27,16
DA:29,16
DA:30,16
DA:36,1
DA:37,11
DA:38,1
DA:40,10
DA:42,10
DA:43,10
DA:60,1
DA:62,55
DA:63,11
DA:67,1
DA:68,8
DA:76,8
DA:78,8
DA:81,1
LF:31
LH:31
BRDA:2,0,0,8
BRDA:2,0,1,2
BRDA:6,1,0,1
BRDA:6,1,1,9
BRDA:9,2,0,7
BRDA:9,2,1,2
BRDA:13,3,0,1
BRDA:13,3,1,10
BRDA:19,4,0,6
BRDA:19,4,1,4
BRDA:24,5,0,1
BRDA:24,5,1,16
BRDA:30,6,0,9
BRDA:30,6,1,7
BRDA:37,7,0,1
BRDA:37,7,1,10
BRDA:43,8,0,6
BRDA:43,8,1,4
BRDA:76,9,0,8
BRDA:76,9,1,6
BRF:20
BRH:20
end_of_record
