<?xml version="1.0" encoding="UTF-8"?>
<coverage generated="1644325456807" clover="3.2.0">
  <project timestamp="1644325456807" name="All files">
    <metrics statements="9" coveredstatements="9" conditionals="0" coveredconditionals="0" methods="5" coveredmethods="5" elements="14" coveredelements="14" complexity="0" loc="9" ncloc="9" packages="1" files="3" classes="3"/>
    <file name="add-one.js" path="/mnt/c/dev/jsWinc/list_of_assignments/59-js-tdd-excercise/add-one.js">
      <metrics statements="3" coveredstatements="3" conditionals="0" coveredconditionals="0" methods="2" coveredmethods="2"/>
      <line num="1" count="1" type="stmt"/>
      <line num="3" count="4" type="stmt"/>
      <line num="7" count="1" type="stmt"/>
    </file>
    <file name="find-needle.js" path="/mnt/c/dev/jsWinc/list_of_assignments/59-js-tdd-excercise/find-needle.js">
      <metrics statements="3" coveredstatements="3" conditionals="0" coveredconditionals="0" methods="1" coveredmethods="1"/>
      <line num="1" count="1" type="stmt"/>
      <line num="2" count="1" type="stmt"/>
      <line num="5" count="1" type="stmt"/>
    </file>
    <file name="get-word-lengths.js" path="/mnt/c/dev/jsWinc/list_of_assignments/59-js-tdd-excercise/get-word-lengths.js">
      <metrics statements="3" coveredstatements="3" conditionals="0" coveredconditionals="0" methods="2" coveredmethods="2"/>
      <line num="1" count="1" type="stmt"/>
      <line num="3" count="4" type="stmt"/>
      <line num="6" count="1" type="stmt"/>
    </file>
  </project>
</coverage>
